<?xml version="1.0" encoding="UTF-8"?>
<testng-results ignored="0" total="8" passed="8" failed="0" skipped="0">
  <reporter-output>
  </reporter-output>
  <suite started-at="2025-08-01T22:28:28 EDT" name="Default suite" finished-at="2025-08-01T22:30:40 EDT" duration-ms="131906">
    <groups>
      <group name="cucumber">
        <method signature="AbstractTestNGCucumberTests.runScenario(io.cucumber.testng.PickleWrapper,io.cucumber.testng.FeatureWrapper)[pri:0, instance:testRunner.TestRunner@10d68fcd]" name="runScenario" class="io.cucumber.testng.AbstractTestNGCucumberTests"/>
      </group> <!-- cucumber -->
    </groups>
    <test started-at="2025-08-01T22:28:28 EDT" name="Default test" finished-at="2025-08-01T22:30:40 EDT" duration-ms="131906">
      <class name="testRunner.TestRunner">
        <test-method is-config="true" signature="setUpClass(org.testng.ITestContext)[pri:0, instance:testRunner.TestRunner@10d68fcd]" started-at="2025-08-01T22:28:28 EDT" name="setUpClass" finished-at="2025-08-01T22:28:29 EDT" duration-ms="994" status="PASS">
          <params>
            <param index="0">
              <value>
                <![CDATA[org.testng.TestRunner@5ead245]]>
              </value>
            </param>
          </params>
          <reporter-output>
          </reporter-output>
        </test-method> <!-- setUpClass -->
        <test-method signature="runScenario(io.cucumber.testng.PickleWrapper,io.cucumber.testng.FeatureWrapper)[pri:0, instance:testRunner.TestRunner@10d68fcd]" started-at="2025-08-01T22:28:29 EDT" name="runScenario" description="Runs Cucumber Scenarios" data-provider="scenarios" finished-at="2025-08-01T22:28:49 EDT" duration-ms="20174" status="PASS">
          <params>
            <param index="0">
              <value>
                <![CDATA["Student registration"]]>
              </value>
            </param>
            <param index="1">
              <value>
                <![CDATA["Dynamic Properties Validation"]]>
              </value>
            </param>
          </params>
          <reporter-output>
          </reporter-output>
        </test-method> <!-- runScenario -->
        <test-method signature="runScenario(io.cucumber.testng.PickleWrapper,io.cucumber.testng.FeatureWrapper)[pri:0, instance:testRunner.TestRunner@10d68fcd]" started-at="2025-08-01T22:28:49 EDT" name="runScenario" description="Runs Cucumber Scenarios" data-provider="scenarios" finished-at="2025-08-01T22:29:04 EDT" duration-ms="14504" status="PASS">
          <params>
            <param index="0">
              <value>
                <![CDATA["Student registration"]]>
              </value>
            </param>
            <param index="1">
              <value>
                <![CDATA["Form Input Data Validation"]]>
              </value>
            </param>
          </params>
          <reporter-output>
          </reporter-output>
        </test-method> <!-- runScenario -->
        <test-method signature="runScenario(io.cucumber.testng.PickleWrapper,io.cucumber.testng.FeatureWrapper)[pri:0, instance:testRunner.TestRunner@10d68fcd]" started-at="2025-08-01T22:29:04 EDT" name="runScenario" description="Runs Cucumber Scenarios" data-provider="scenarios" finished-at="2025-08-01T22:29:20 EDT" duration-ms="16239" status="PASS">
          <params>
            <param index="0">
              <value>
                <![CDATA["Student registration"]]>
              </value>
            </param>
            <param index="1">
              <value>
                <![CDATA["Student Registration"]]>
              </value>
            </param>
          </params>
          <reporter-output>
          </reporter-output>
        </test-method> <!-- runScenario -->
        <test-method signature="runScenario(io.cucumber.testng.PickleWrapper,io.cucumber.testng.FeatureWrapper)[pri:0, instance:testRunner.TestRunner@10d68fcd]" started-at="2025-08-01T22:29:20 EDT" name="runScenario" description="Runs Cucumber Scenarios" data-provider="scenarios" finished-at="2025-08-01T22:29:35 EDT" duration-ms="14721" status="PASS">
          <params>
            <param index="0">
              <value>
                <![CDATA["Upload file Verification"]]>
              </value>
            </param>
            <param index="1">
              <value>
                <![CDATA["Check the Upload and Download Functionality"]]>
              </value>
            </param>
          </params>
          <reporter-output>
          </reporter-output>
        </test-method> <!-- runScenario -->
        <test-method signature="runScenario(io.cucumber.testng.PickleWrapper,io.cucumber.testng.FeatureWrapper)[pri:0, instance:testRunner.TestRunner@10d68fcd]" started-at="2025-08-01T22:29:35 EDT" name="runScenario" description="Runs Cucumber Scenarios" data-provider="scenarios" finished-at="2025-08-01T22:29:48 EDT" duration-ms="12876" status="PASS">
          <params>
            <param index="0">
              <value>
                <![CDATA["Download file Verification"]]>
              </value>
            </param>
            <param index="1">
              <value>
                <![CDATA["Check the Upload and Download Functionality"]]>
              </value>
            </param>
          </params>
          <reporter-output>
          </reporter-output>
        </test-method> <!-- runScenario -->
        <test-method signature="runScenario(io.cucumber.testng.PickleWrapper,io.cucumber.testng.FeatureWrapper)[pri:0, instance:testRunner.TestRunner@10d68fcd]" started-at="2025-08-01T22:29:48 EDT" name="runScenario" description="Runs Cucumber Scenarios" data-provider="scenarios" finished-at="2025-08-01T22:30:02 EDT" duration-ms="14323" status="PASS">
          <params>
            <param index="0">
              <value>
                <![CDATA["Verification of Sorting functionality of Webtable data"]]>
              </value>
            </param>
            <param index="1">
              <value>
                <![CDATA["Web Table Interactions like sorting and pagination Validation"]]>
              </value>
            </param>
          </params>
          <reporter-output>
          </reporter-output>
        </test-method> <!-- runScenario -->
        <test-method signature="runScenario(io.cucumber.testng.PickleWrapper,io.cucumber.testng.FeatureWrapper)[pri:0, instance:testRunner.TestRunner@10d68fcd]" started-at="2025-08-01T22:30:02 EDT" name="runScenario" description="Runs Cucumber Scenarios" data-provider="scenarios" finished-at="2025-08-01T22:30:21 EDT" duration-ms="19362" status="PASS">
          <params>
            <param index="0">
              <value>
                <![CDATA["User adds Data to verify Row Selection and Pagination"]]>
              </value>
            </param>
            <param index="1">
              <value>
                <![CDATA["Web Table Interactions like sorting and pagination Validation"]]>
              </value>
            </param>
          </params>
          <reporter-output>
          </reporter-output>
        </test-method> <!-- runScenario -->
        <test-method signature="runScenario(io.cucumber.testng.PickleWrapper,io.cucumber.testng.FeatureWrapper)[pri:0, instance:testRunner.TestRunner@10d68fcd]" started-at="2025-08-01T22:30:21 EDT" name="runScenario" description="Runs Cucumber Scenarios" data-provider="scenarios" finished-at="2025-08-01T22:30:36 EDT" duration-ms="15119" status="PASS">
          <params>
            <param index="0">
              <value>
                <![CDATA["Student registration"]]>
              </value>
            </param>
            <param index="1">
              <value>
                <![CDATA["Tool Tip Validation"]]>
              </value>
            </param>
          </params>
          <reporter-output>
          </reporter-output>
        </test-method> <!-- runScenario -->
        <test-method is-config="true" signature="tearDownClass()[pri:0, instance:testRunner.TestRunner@10d68fcd]" started-at="2025-08-01T22:30:36 EDT" name="tearDownClass" finished-at="2025-08-01T22:30:40 EDT" duration-ms="3529" status="PASS">
          <reporter-output>
          </reporter-output>
        </test-method> <!-- tearDownClass -->
      </class> <!-- testRunner.TestRunner -->
    </test> <!-- Default test -->
  </suite> <!-- Default suite -->
</testng-results>
